{"numFailedTestSuites":1,"numFailedTests":0,"numPassedTestSuites":0,"numPassedTests":0,"numPendingTestSuites":0,"numPendingTests":0,"numRuntimeErrorTestSuites":1,"numTodoTests":0,"numTotalTestSuites":1,"numTotalTests":0,"openHandles":[],"snapshot":{"added":0,"didUpdate":false,"failure":false,"filesAdded":0,"filesRemoved":0,"filesRemovedList":[],"filesUnmatched":0,"filesUpdated":0,"matched":0,"total":0,"unchecked":0,"uncheckedKeysByFile":[],"unmatched":0,"updated":0},"startTime":1772775107165,"success":false,"testResults":[{"assertionResults":[],"coverage":{},"endTime":1772775108702,"message":"  ● Test suite failed to run\n\n    ReferenceError: You are trying to `import` a file outside of the scope of the test code.\n\n      at Runtime._execModule (node_modules/jest-runtime/build/index.js:1216:13)\n      at require (node_modules/expo/src/winter/runtime.native.ts:20:43)\n      at getValue (node_modules/expo/src/winter/installGlobal.ts:97:21)\n      at Object.get [as __ExpoImportMetaRegistry] (node_modules/expo/src/winter/installGlobal.ts:44:16)\n","name":"L:\\Coding\\SutSmartBus\\apps\\mobile\\__tests__\\airQuality.test.js","startTime":1772775108702,"status":"failed","summary":""}],"wasInterrupted":false}
